<?xml version="1.0" encoding="utf-8" standalone="no"?>
<!--This file represents the results of running a test suite-->
<test-results name="Bear.exe" total="8" failures="0" not-run="0" date="2016-12-06" time="14:07:14">
  <environment nunit-version="2.4.8.0" clr-version="4.0.30319.42000" os-version="Unix 15.6.0.0" platform="Unix" cwd="/Users/sandy/java_to_C_sharp/day_2/checkpoint_2_arraylist" machine-name="MacBook-Pro-7.local" user="sandy" user-domain="MacBook-Pro-7.local" />
  <culture-info current-culture="en-GB" current-uiculture="en-GB" />
  <test-suite name="Bear.exe" success="True" time="0.024" asserts="0">
    <results>
      <test-suite name="Bear" success="True" time="0.022" asserts="0">
        <results>
          <test-suite name="BearTest" success="True" time="0.016" asserts="0">
            <results>
              <test-case name="Bear.BearTest.BellyStartsEmpty" executed="True" success="True" time="0.004" asserts="1" />
              <test-case name="Bear.BearTest.CanEatSalmon" executed="True" success="True" time="0.000" asserts="1" />
              <test-case name="Bear.BearTest.HasAge" executed="True" success="True" time="0.000" asserts="1" />
              <test-case name="Bear.BearTest.HasName" executed="True" success="True" time="0.000" asserts="1" />
              <test-case name="Bear.BearTest.HasWeight" executed="True" success="True" time="0.001" asserts="1" />
              <test-case name="Bear.BearTest.NotReadyToHibernateIfLessThan80" executed="True" success="True" time="0.000" asserts="1" />
              <test-case name="Bear.BearTest.ReadyToHibernateIfGreaterThan80" executed="True" success="True" time="0.000" asserts="1" />
              <test-case name="Bear.BearTest.ShouldEmptyBellyAfterSleeping" executed="True" success="True" time="0.000" asserts="2" />
            </results>
          </test-suite>
        </results>
      </test-suite>
    </results>
  </test-suite>
</test-results>