<?xml version="1.0" encoding="utf-8" standalone="no"?>
<!--This file represents the results of running a test suite-->
<test-results name="EmptyClass.exe" total="1" failures="0" not-run="0" date="2017-03-09" time="11:03:36">
  <environment nunit-version="2.4.8.0" clr-version="4.0.30319.42000" os-version="Unix 15.6.0.0" platform="Unix" cwd="/Users/sandy/java_to_C_sharp/day_1/simple_test" machine-name="MacBook-Pro-7.local" user="sandy" user-domain="MacBook-Pro-7.local" />
  <culture-info current-culture="en-GB" current-uiculture="en-GB" />
  <test-suite name="EmptyClass.exe" success="True" time="0.022" asserts="0">
    <results>
      <test-suite name="testing_project" success="True" time="0.019" asserts="0">
        <results>
          <test-suite name="EmptyClassTest" success="True" time="0.011" asserts="0">
            <results>
              <test-case name="testing_project.EmptyClassTest.testHelloWorld" executed="True" success="True" time="0.004" asserts="1" />
            </results>
          </test-suite>
        </results>
      </test-suite>
    </results>
  </test-suite>
</test-results>