<?xml version="1.0" encoding="utf-8" standalone="no"?>
<!--This file represents the results of running a test suite-->
<test-results name="Runner.exe" total="1" failures="0" not-run="0" date="2016-12-07" time="13:59:10">
  <environment nunit-version="2.4.8.0" clr-version="4.0.30319.42000" os-version="Unix 15.6.0.0" platform="Unix" cwd="/Users/sandy/java_to_C_sharp/day_4/enums/starter_code" machine-name="MacBook-Pro-7.local" user="sandy" user-domain="MacBook-Pro-7.local" />
  <culture-info current-culture="en-GB" current-uiculture="en-GB" />
  <test-suite name="Runner.exe" success="True" time="0.021" asserts="0">
    <results>
      <test-suite name="tests" success="True" time="0.018" asserts="0">
        <results>
          <test-suite name="RingTest" success="True" time="0.011" asserts="0">
            <results>
              <test-case name="tests.RingTest.CanGetMetal" executed="True" success="True" time="0.003" asserts="1" />
            </results>
          </test-suite>
        </results>
      </test-suite>
    </results>
  </test-suite>
</test-results>